{"D:\\projects\\CasinoJs\\src\\enums\\index.ts": {"path":"D:\\projects\\CasinoJs\\src\\enums\\index.ts","statementMap":{"0":{"start":{"line":18,"column":0},"end":{"line":18,"column":53}},"1":{"start":{"line":19,"column":0},"end":{"line":19,"column":29}},"2":{"start":{"line":20,"column":0},"end":{"line":20,"column":50}},"3":{"start":{"line":21,"column":0},"end":{"line":21,"column":27}},"4":{"start":{"line":22,"column":0},"end":{"line":22,"column":63}},"5":{"start":{"line":23,"column":0},"end":{"line":23,"column":34}},"6":{"start":{"line":24,"column":0},"end":{"line":24,"column":42}},"7":{"start":{"line":25,"column":0},"end":{"line":25,"column":23}},"8":{"start":{"line":26,"column":0},"end":{"line":26,"column":46}},"9":{"start":{"line":27,"column":0},"end":{"line":27,"column":25}},"10":{"start":{"line":28,"column":0},"end":{"line":28,"column":42}},"11":{"start":{"line":29,"column":0},"end":{"line":29,"column":23}}},"fnMap":{},"branchMap":{},"s":{"0":2,"1":2,"2":2,"3":2,"4":2,"5":2,"6":2,"7":2,"8":2,"9":2,"10":2,"11":2},"f":{},"b":{}}
,"D:\\projects\\CasinoJs\\src\\enums\\eventNames\\index.ts": {"path":"D:\\projects\\CasinoJs\\src\\enums\\eventNames\\index.ts","statementMap":{"0":{"start":{"line":16,"column":0},"end":{"line":16,"column":55}},"1":{"start":{"line":17,"column":0},"end":{"line":17,"column":25}},"2":{"start":{"line":18,"column":0},"end":{"line":18,"column":61}},"3":{"start":{"line":19,"column":0},"end":{"line":19,"column":28}}},"fnMap":{},"branchMap":{},"s":{"0":2,"1":2,"2":2,"3":2},"f":{},"b":{}}
,"D:\\projects\\CasinoJs\\src\\enums\\eventNames\\casino\\index.ts": {"path":"D:\\projects\\CasinoJs\\src\\enums\\eventNames\\casino\\index.ts","statementMap":{"0":{"start":{"line":15,"column":0},"end":{"line":15,"column":null}},"1":{"start":{"line":22,"column":2},"end":{"line":22,"column":null}},"2":{"start":{"line":30,"column":2},"end":{"line":30,"column":null}},"3":{"start":{"line":38,"column":2},"end":{"line":38,"column":null}},"4":{"start":{"line":46,"column":2},"end":{"line":46,"column":null}},"5":{"start":{"line":54,"column":2},"end":{"line":54,"column":null}}},"fnMap":{"0":{"name":"(anonymous_0)","decl":{"start":{"line":15,"column":0},"end":{"line":15,"column":5}},"loc":{"start":{"line":15,"column":20},"end":{"line":55,"column":1}}}},"branchMap":{"0":{"loc":{"start":{"line":15,"column":5},"end":{"line":15,"column":null}},"type":"binary-expr","locations":[{"start":{"line":15,"column":5},"end":{"line":15,"column":20}},{"start":{"line":15,"column":20},"end":{"line":15,"column":null}}]}},"s":{"0":2,"1":2,"2":2,"3":2,"4":2,"5":2},"f":{"0":2},"b":{"0":[2,2]}}
,"D:\\projects\\CasinoJs\\src\\enums\\eventNames\\pokerSeat\\index.ts": {"path":"D:\\projects\\CasinoJs\\src\\enums\\eventNames\\pokerSeat\\index.ts","statementMap":{"0":{"start":{"line":32,"column":0},"end":{"line":32,"column":null}},"1":{"start":{"line":43,"column":2},"end":{"line":43,"column":null}},"2":{"start":{"line":55,"column":2},"end":{"line":55,"column":null}},"3":{"start":{"line":67,"column":2},"end":{"line":67,"column":null}},"4":{"start":{"line":79,"column":2},"end":{"line":79,"column":null}}},"fnMap":{"0":{"name":"(anonymous_0)","decl":{"start":{"line":32,"column":0},"end":{"line":32,"column":5}},"loc":{"start":{"line":32,"column":23},"end":{"line":80,"column":1}}}},"branchMap":{"0":{"loc":{"start":{"line":32,"column":5},"end":{"line":32,"column":null}},"type":"binary-expr","locations":[{"start":{"line":32,"column":5},"end":{"line":32,"column":23}},{"start":{"line":32,"column":23},"end":{"line":32,"column":null}}]}},"s":{"0":2,"1":2,"2":2,"3":2,"4":2},"f":{"0":2},"b":{"0":[2,2]}}
,"D:\\projects\\CasinoJs\\src\\enums\\logLevel\\index.ts": {"path":"D:\\projects\\CasinoJs\\src\\enums\\logLevel\\index.ts","statementMap":{"0":{"start":{"line":28,"column":0},"end":{"line":28,"column":null}},"1":{"start":{"line":46,"column":2},"end":{"line":46,"column":null}},"2":{"start":{"line":65,"column":2},"end":{"line":65,"column":null}},"3":{"start":{"line":83,"column":2},"end":{"line":83,"column":null}}},"fnMap":{"0":{"name":"(anonymous_0)","decl":{"start":{"line":28,"column":0},"end":{"line":28,"column":5}},"loc":{"start":{"line":28,"column":13},"end":{"line":84,"column":1}}}},"branchMap":{"0":{"loc":{"start":{"line":28,"column":5},"end":{"line":28,"column":null}},"type":"binary-expr","locations":[{"start":{"line":28,"column":5},"end":{"line":28,"column":13}},{"start":{"line":28,"column":13},"end":{"line":28,"column":null}}]}},"s":{"0":2,"1":2,"2":2,"3":2},"f":{"0":2},"b":{"0":[2,2]}}
,"D:\\projects\\CasinoJs\\src\\enums\\pokerPhaseNames\\index.ts": {"path":"D:\\projects\\CasinoJs\\src\\enums\\pokerPhaseNames\\index.ts","statementMap":{"0":{"start":{"line":32,"column":0},"end":{"line":32,"column":null}},"1":{"start":{"line":43,"column":2},"end":{"line":43,"column":null}},"2":{"start":{"line":54,"column":2},"end":{"line":54,"column":null}},"3":{"start":{"line":65,"column":2},"end":{"line":65,"column":null}},"4":{"start":{"line":76,"column":2},"end":{"line":76,"column":null}},"5":{"start":{"line":87,"column":2},"end":{"line":87,"column":null}}},"fnMap":{"0":{"name":"(anonymous_0)","decl":{"start":{"line":32,"column":0},"end":{"line":32,"column":5}},"loc":{"start":{"line":32,"column":19},"end":{"line":88,"column":1}}}},"branchMap":{"0":{"loc":{"start":{"line":32,"column":5},"end":{"line":32,"column":null}},"type":"binary-expr","locations":[{"start":{"line":32,"column":5},"end":{"line":32,"column":19}},{"start":{"line":32,"column":19},"end":{"line":32,"column":null}}]}},"s":{"0":2,"1":2,"2":2,"3":2,"4":2,"5":2},"f":{"0":2},"b":{"0":[2,2]}}
,"D:\\projects\\CasinoJs\\src\\enums\\rank\\index.ts": {"path":"D:\\projects\\CasinoJs\\src\\enums\\rank\\index.ts","statementMap":{"0":{"start":{"line":15,"column":0},"end":{"line":15,"column":null}},"1":{"start":{"line":16,"column":2},"end":{"line":16,"column":null}},"2":{"start":{"line":17,"column":2},"end":{"line":17,"column":null}},"3":{"start":{"line":18,"column":2},"end":{"line":18,"column":null}},"4":{"start":{"line":19,"column":2},"end":{"line":19,"column":null}},"5":{"start":{"line":20,"column":2},"end":{"line":20,"column":null}},"6":{"start":{"line":21,"column":2},"end":{"line":21,"column":null}},"7":{"start":{"line":22,"column":2},"end":{"line":22,"column":null}},"8":{"start":{"line":23,"column":2},"end":{"line":23,"column":null}},"9":{"start":{"line":24,"column":2},"end":{"line":24,"column":null}},"10":{"start":{"line":25,"column":2},"end":{"line":25,"column":null}},"11":{"start":{"line":26,"column":2},"end":{"line":26,"column":null}},"12":{"start":{"line":27,"column":2},"end":{"line":27,"column":null}},"13":{"start":{"line":28,"column":2},"end":{"line":28,"column":null}}},"fnMap":{"0":{"name":"(anonymous_0)","decl":{"start":{"line":15,"column":0},"end":{"line":15,"column":5}},"loc":{"start":{"line":15,"column":9},"end":{"line":29,"column":1}}}},"branchMap":{"0":{"loc":{"start":{"line":15,"column":5},"end":{"line":15,"column":null}},"type":"binary-expr","locations":[{"start":{"line":15,"column":5},"end":{"line":15,"column":9}},{"start":{"line":15,"column":9},"end":{"line":15,"column":null}}]}},"s":{"0":3,"1":3,"2":3,"3":3,"4":3,"5":3,"6":3,"7":3,"8":3,"9":3,"10":3,"11":3,"12":3,"13":3},"f":{"0":3},"b":{"0":[3,3]}}
,"D:\\projects\\CasinoJs\\src\\enums\\source\\index.ts": {"path":"D:\\projects\\CasinoJs\\src\\enums\\source\\index.ts","statementMap":{"0":{"start":{"line":38,"column":0},"end":{"line":38,"column":null}},"1":{"start":{"line":49,"column":2},"end":{"line":49,"column":null}},"2":{"start":{"line":61,"column":2},"end":{"line":61,"column":null}},"3":{"start":{"line":73,"column":2},"end":{"line":73,"column":null}},"4":{"start":{"line":85,"column":2},"end":{"line":85,"column":null}},"5":{"start":{"line":97,"column":2},"end":{"line":97,"column":null}},"6":{"start":{"line":109,"column":2},"end":{"line":109,"column":null}},"7":{"start":{"line":121,"column":2},"end":{"line":121,"column":null}},"8":{"start":{"line":133,"column":2},"end":{"line":133,"column":null}},"9":{"start":{"line":145,"column":2},"end":{"line":145,"column":null}},"10":{"start":{"line":157,"column":2},"end":{"line":157,"column":null}}},"fnMap":{"0":{"name":"(anonymous_0)","decl":{"start":{"line":38,"column":0},"end":{"line":38,"column":5}},"loc":{"start":{"line":38,"column":11},"end":{"line":158,"column":1}}}},"branchMap":{"0":{"loc":{"start":{"line":38,"column":5},"end":{"line":38,"column":null}},"type":"binary-expr","locations":[{"start":{"line":38,"column":5},"end":{"line":38,"column":11}},{"start":{"line":38,"column":11},"end":{"line":38,"column":null}}]}},"s":{"0":2,"1":2,"2":2,"3":2,"4":2,"5":2,"6":2,"7":2,"8":2,"9":2,"10":2},"f":{"0":2},"b":{"0":[2,2]}}
,"D:\\projects\\CasinoJs\\src\\enums\\suit\\index.ts": {"path":"D:\\projects\\CasinoJs\\src\\enums\\suit\\index.ts","statementMap":{"0":{"start":{"line":12,"column":0},"end":{"line":12,"column":null}},"1":{"start":{"line":13,"column":2},"end":{"line":13,"column":null}},"2":{"start":{"line":14,"column":2},"end":{"line":14,"column":null}},"3":{"start":{"line":15,"column":2},"end":{"line":15,"column":null}},"4":{"start":{"line":16,"column":2},"end":{"line":16,"column":null}}},"fnMap":{"0":{"name":"(anonymous_0)","decl":{"start":{"line":12,"column":0},"end":{"line":12,"column":5}},"loc":{"start":{"line":12,"column":9},"end":{"line":17,"column":1}}}},"branchMap":{"0":{"loc":{"start":{"line":12,"column":5},"end":{"line":12,"column":null}},"type":"binary-expr","locations":[{"start":{"line":12,"column":5},"end":{"line":12,"column":9}},{"start":{"line":12,"column":9},"end":{"line":12,"column":null}}]}},"s":{"0":2,"1":2,"2":2,"3":2,"4":2},"f":{"0":2},"b":{"0":[2,2]}}
}
