TN:
SF:src\enums\index.ts
FNF:0
FNH:0
DA:14,3
DA:15,3
DA:16,3
DA:17,3
DA:18,3
DA:19,3
DA:20,3
DA:21,3
LF:8
LH:8
BRF:0
BRH:0
end_of_record
TN:
SF:src\enums\casinoEventName\index.ts
FN:13,(anonymous_0)
FNF:1
FNH:1
FNDA:4,(anonymous_0)
DA:13,4
DA:20,4
DA:28,4
DA:36,4
DA:44,4
DA:52,4
LF:6
LH:6
BRDA:13,0,0,4
BRDA:13,0,1,4
BRF:2
BRH:2
end_of_record
TN:
SF:src\enums\pokerPhaseName\index.ts
FN:11,(anonymous_0)
FNF:1
FNH:1
FNDA:4,(anonymous_0)
DA:11,4
DA:12,4
DA:13,4
DA:14,4
DA:15,4
DA:16,4
LF:6
LH:6
BRDA:11,0,0,4
BRDA:11,0,1,4
BRF:2
BRH:2
end_of_record
TN:
SF:src\enums\rank\index.ts
FN:13,(anonymous_0)
FNF:1
FNH:1
FNDA:4,(anonymous_0)
DA:13,4
DA:14,4
DA:15,4
DA:16,4
DA:17,4
DA:18,4
DA:19,4
DA:20,4
DA:21,4
DA:22,4
DA:23,4
DA:24,4
DA:25,4
DA:26,4
LF:14
LH:14
BRDA:13,0,0,4
BRDA:13,0,1,4
BRF:2
BRH:2
end_of_record
TN:
SF:src\enums\suit\index.ts
FN:10,(anonymous_0)
FNF:1
FNH:1
FNDA:3,(anonymous_0)
DA:10,3
DA:11,3
DA:12,3
DA:13,3
DA:14,3
LF:5
LH:5
BRDA:10,0,0,3
BRDA:10,0,1,3
BRF:2
BRH:2
end_of_record
TN:
SF:src\models\index.ts
FNF:0
FNH:0
DA:11,1
DA:12,1
DA:13,1
DA:14,1
DA:15,1
DA:16,1
DA:17,1
DA:18,1
DA:19,1
DA:20,1
DA:21,1
DA:22,1
DA:23,1
DA:24,1
DA:25,1
DA:26,1
LF:16
LH:16
BRF:0
BRH:0
end_of_record
TN:
SF:src\models\card\index.ts
FN:45,(anonymous_0)
FN:60,(anonymous_1)
FN:72,(anonymous_2)
FN:87,(anonymous_3)
FN:99,(anonymous_4)
FN:114,(anonymous_5)
FN:128,(anonymous_6)
FNF:7
FNH:5
FNDA:3,(anonymous_0)
FNDA:1,(anonymous_1)
FNDA:0,(anonymous_2)
FNDA:1,(anonymous_3)
FNDA:0,(anonymous_4)
FNDA:1,(anonymous_5)
FNDA:1,(anonymous_6)
DA:46,3
DA:47,3
DA:61,1
DA:73,0
DA:74,0
DA:88,1
DA:100,0
DA:101,0
DA:115,1
DA:129,1
DA:133,1
LF:11
LH:7
BRF:0
BRH:0
end_of_record
TN:
SF:src\models\casino\index.ts
FN:87,(anonymous_0)
FN:118,(anonymous_1)
FN:171,(anonymous_2)
FN:216,(anonymous_3)
FN:265,(anonymous_4)
FN:308,(anonymous_5)
FN:357,(anonymous_6)
FN:407,(anonymous_7)
FN:458,(anonymous_8)
FN:509,(anonymous_9)
FN:559,(anonymous_10)
FN:620,(anonymous_11)
FN:669,(anonymous_12)
FN:715,(anonymous_13)
FN:759,(anonymous_14)
FN:760,(anonymous_15)
FN:805,(anonymous_16)
FNF:17
FNH:0
FNDA:0,(anonymous_0)
FNDA:0,(anonymous_1)
FNDA:0,(anonymous_2)
FNDA:0,(anonymous_3)
FNDA:0,(anonymous_4)
FNDA:0,(anonymous_5)
FNDA:0,(anonymous_6)
FNDA:0,(anonymous_7)
FNDA:0,(anonymous_8)
FNDA:0,(anonymous_9)
FNDA:0,(anonymous_10)
FNDA:0,(anonymous_11)
FNDA:0,(anonymous_12)
FNDA:0,(anonymous_13)
FNDA:0,(anonymous_14)
FNDA:0,(anonymous_15)
FNDA:0,(anonymous_16)
DA:1,1
DA:4,1
DA:14,1
DA:89,0
DA:92,0
DA:95,0
DA:172,0
DA:217,0
DA:266,0
DA:309,0
DA:358,0
DA:408,0
DA:459,0
DA:510,0
DA:560,0
DA:561,0
DA:567,0
DA:621,0
DA:622,0
DA:623,0
DA:670,0
DA:671,0
DA:672,0
DA:673,0
DA:716,0
DA:717,0
DA:718,0
DA:760,0
DA:761,0
DA:763,0
DA:806,0
DA:807,0
DA:808,0
DA:810,0
DA:818,1
LF:35
LH:4
BRDA:560,0,0,0
BRDA:560,0,1,0
BRDA:560,1,0,0
BRDA:560,1,1,0
BRDA:806,2,0,0
BRF:5
BRH:0
end_of_record
TN:
SF:src\models\deck\index.ts
FN:41,(anonymous_0)
FN:54,(anonymous_1)
FN:74,(anonymous_2)
FN:95,(anonymous_3)
FN:111,(anonymous_4)
FNF:5
FNH:0
FNDA:0,(anonymous_0)
FNDA:0,(anonymous_1)
FNDA:0,(anonymous_2)
FNDA:0,(anonymous_3)
FNDA:0,(anonymous_4)
DA:1,1
DA:2,1
DA:4,1
DA:30,0
DA:42,0
DA:43,0
DA:55,0
DA:56,0
DA:57,0
DA:60,0
DA:75,0
DA:76,0
DA:77,0
DA:79,0
DA:96,0
DA:97,0
DA:98,0
DA:112,0
DA:116,1
LF:19
LH:4
BRF:0
BRH:0
end_of_record
TN:
SF:src\models\pokerGame\index.ts
FN:91,(anonymous_0)
FN:125,(anonymous_1)
FN:129,(anonymous_2)
FN:133,(anonymous_3)
FN:137,(anonymous_4)
FN:141,(anonymous_5)
FN:145,(anonymous_6)
FN:149,(anonymous_7)
FN:153,(anonymous_8)
FN:158,(anonymous_9)
FN:162,(anonymous_10)
FN:167,(anonymous_11)
FN:171,(anonymous_12)
FN:176,(anonymous_13)
FN:188,(anonymous_14)
FN:201,(anonymous_15)
FN:208,(anonymous_16)
FNF:17
FNH:0
FNDA:0,(anonymous_0)
FNDA:0,(anonymous_1)
FNDA:0,(anonymous_2)
FNDA:0,(anonymous_3)
FNDA:0,(anonymous_4)
FNDA:0,(anonymous_5)
FNDA:0,(anonymous_6)
FNDA:0,(anonymous_7)
FNDA:0,(anonymous_8)
FNDA:0,(anonymous_9)
FNDA:0,(anonymous_10)
FNDA:0,(anonymous_11)
FNDA:0,(anonymous_12)
FNDA:0,(anonymous_13)
FNDA:0,(anonymous_14)
FNDA:0,(anonymous_15)
FNDA:0,(anonymous_16)
DA:1,1
DA:10,1
DA:11,1
DA:12,1
DA:92,0
DA:93,0
DA:94,0
DA:95,0
DA:98,0
DA:99,0
DA:100,0
DA:101,0
DA:102,0
DA:103,0
DA:104,0
DA:105,0
DA:106,0
DA:126,0
DA:130,0
DA:134,0
DA:138,0
DA:142,0
DA:146,0
DA:150,0
DA:154,0
DA:155,0
DA:159,0
DA:163,0
DA:164,0
DA:168,0
DA:172,0
DA:173,0
DA:177,0
DA:178,0
DA:179,0
DA:180,0
DA:181,0
DA:182,0
DA:183,0
DA:184,0
DA:189,0
DA:190,0
DA:192,0
DA:211,1
LF:44
LH:5
BRDA:93,0,0,0
BRDA:93,0,1,0
BRDA:95,1,0,0
BRDA:95,1,1,0
BRDA:98,2,0,0
BRDA:98,2,1,0
BRDA:100,3,0,0
BRDA:100,3,1,0
BRDA:177,4,0,0
BRDA:177,4,1,0
BRDA:181,5,0,0
BRDA:189,6,0,0
BRDA:189,6,1,0
BRF:13
BRH:0
end_of_record
TN:
SF:src\models\pokerPhase\index.ts
FN:91,(anonymous_0)
FN:113,(anonymous_1)
FN:123,(anonymous_2)
FN:127,(anonymous_3)
FN:131,(anonymous_4)
FN:135,(anonymous_5)
FN:139,(anonymous_6)
FN:143,(anonymous_7)
FN:147,(anonymous_8)
FN:151,(anonymous_9)
FN:159,(anonymous_10)
FN:163,(anonymous_11)
FN:167,(anonymous_12)
FN:172,(anonymous_13)
FN:177,(anonymous_14)
FN:182,(anonymous_15)
FN:197,(anonymous_16)
FN:211,(anonymous_17)
FN:222,(anonymous_18)
FN:235,(anonymous_19)
FN:242,(anonymous_20)
FN:244,(anonymous_21)
FN:252,(anonymous_22)
FN:261,(anonymous_23)
FNF:24
FNH:0
FNDA:0,(anonymous_0)
FNDA:0,(anonymous_1)
FNDA:0,(anonymous_2)
FNDA:0,(anonymous_3)
FNDA:0,(anonymous_4)
FNDA:0,(anonymous_5)
FNDA:0,(anonymous_6)
FNDA:0,(anonymous_7)
FNDA:0,(anonymous_8)
FNDA:0,(anonymous_9)
FNDA:0,(anonymous_10)
FNDA:0,(anonymous_11)
FNDA:0,(anonymous_12)
FNDA:0,(anonymous_13)
FNDA:0,(anonymous_14)
FNDA:0,(anonymous_15)
FNDA:0,(anonymous_16)
FNDA:0,(anonymous_17)
FNDA:0,(anonymous_18)
FNDA:0,(anonymous_19)
FNDA:0,(anonymous_20)
FNDA:0,(anonymous_21)
FNDA:0,(anonymous_22)
FNDA:0,(anonymous_23)
DA:1,1
DA:9,1
DA:10,1
DA:92,0
DA:93,0
DA:94,0
DA:95,0
DA:96,0
DA:97,0
DA:98,0
DA:99,0
DA:100,0
DA:101,0
DA:114,0
DA:115,0
DA:124,0
DA:128,0
DA:132,0
DA:136,0
DA:140,0
DA:144,0
DA:148,0
DA:152,0
DA:160,0
DA:164,0
DA:168,0
DA:169,0
DA:173,0
DA:174,0
DA:178,0
DA:179,0
DA:183,0
DA:184,0
DA:198,0
DA:199,0
DA:212,0
DA:213,0
DA:223,0
DA:224,0
DA:225,0
DA:227,0
DA:245,0
DA:246,0
DA:247,0
DA:249,0
DA:253,0
DA:254,0
DA:255,0
DA:262,0
DA:263,0
DA:265,0
DA:274,1
LF:52
LH:4
BRDA:93,0,0,0
BRDA:93,0,1,0
BRDA:94,1,0,0
BRDA:94,1,1,0
BRDA:96,2,0,0
BRDA:96,2,1,0
BRDA:97,3,0,0
BRDA:97,3,1,0
BRDA:99,4,0,0
BRDA:99,4,1,0
BRDA:100,5,0,0
BRDA:100,5,1,0
BRDA:101,6,0,0
BRDA:101,6,1,0
BRDA:114,7,0,0
BRDA:225,8,0,0
BRDA:225,8,1,0
BRDA:262,9,0,0
BRDA:262,9,1,0
BRF:19
BRH:0
end_of_record
TN:
SF:src\models\pokerPlayer\index.ts
FN:70,(anonymous_0)
FN:92,(anonymous_1)
FN:106,(anonymous_2)
FN:120,(anonymous_3)
FN:134,(anonymous_4)
FN:149,(anonymous_5)
FN:164,(anonymous_6)
FN:180,(anonymous_7)
FN:195,(anonymous_8)
FN:210,(anonymous_9)
FN:225,(anonymous_10)
FN:240,(anonymous_11)
FN:256,(anonymous_12)
FN:261,(anonymous_13)
FN:277,(anonymous_14)
FNF:15
FNH:0
FNDA:0,(anonymous_0)
FNDA:0,(anonymous_1)
FNDA:0,(anonymous_2)
FNDA:0,(anonymous_3)
FNDA:0,(anonymous_4)
FNDA:0,(anonymous_5)
FNDA:0,(anonymous_6)
FNDA:0,(anonymous_7)
FNDA:0,(anonymous_8)
FNDA:0,(anonymous_9)
FNDA:0,(anonymous_10)
FNDA:0,(anonymous_11)
FNDA:0,(anonymous_12)
FNDA:0,(anonymous_13)
FNDA:0,(anonymous_14)
DA:1,1
DA:71,0
DA:72,0
DA:73,0
DA:74,0
DA:75,0
DA:76,0
DA:77,0
DA:93,0
DA:107,0
DA:121,0
DA:135,0
DA:150,0
DA:165,0
DA:181,0
DA:182,0
DA:196,0
DA:197,0
DA:211,0
DA:212,0
DA:226,0
DA:227,0
DA:241,0
DA:242,0
DA:257,0
DA:258,0
DA:262,0
DA:263,0
DA:278,0
DA:279,0
DA:283,1
LF:31
LH:2
BRDA:72,0,0,0
BRDA:72,0,1,0
BRDA:73,1,0,0
BRDA:73,1,1,0
BRDA:74,2,0,0
BRDA:74,2,1,0
BRDA:75,3,0,0
BRDA:75,3,1,0
BRDA:76,4,0,0
BRDA:76,4,1,0
BRF:10
BRH:0
end_of_record
TN:
SF:src\models\pokerRoom\index.ts
FN:60,(anonymous_0)
FN:82,(anonymous_1)
FN:96,(anonymous_2)
FN:110,(anonymous_3)
FN:124,(anonymous_4)
FN:140,(anonymous_5)
FN:158,(anonymous_6)
FN:173,(anonymous_7)
FN:188,(anonymous_8)
FN:203,(anonymous_9)
FN:216,(anonymous_10)
FNF:11
FNH:0
FNDA:0,(anonymous_0)
FNDA:0,(anonymous_1)
FNDA:0,(anonymous_2)
FNDA:0,(anonymous_3)
FNDA:0,(anonymous_4)
FNDA:0,(anonymous_5)
FNDA:0,(anonymous_6)
FNDA:0,(anonymous_7)
FNDA:0,(anonymous_8)
FNDA:0,(anonymous_9)
FNDA:0,(anonymous_10)
DA:1,1
DA:9,1
DA:10,1
DA:61,0
DA:62,0
DA:63,0
DA:64,0
DA:65,0
DA:83,0
DA:97,0
DA:111,0
DA:125,0
DA:126,0
DA:127,0
DA:141,0
DA:159,0
DA:160,0
DA:174,0
DA:175,0
DA:189,0
DA:190,0
DA:204,0
DA:205,0
DA:217,0
DA:218,0
DA:219,0
DA:224,0
DA:225,0
DA:226,0
DA:227,0
DA:228,0
DA:231,0
DA:235,1
LF:33
LH:4
BRDA:62,0,0,0
BRDA:62,0,1,0
BRDA:63,1,0,0
BRDA:63,1,1,0
BRDA:219,2,0,0
BRDA:220,3,0,0
BRDA:220,3,1,0
BRDA:220,3,2,0
BRF:8
BRH:0
end_of_record
TN:
SF:src\models\pokerSeat\index.ts
FN:52,(anonymous_0)
FN:70,(anonymous_1)
FN:84,(anonymous_2)
FN:99,(anonymous_3)
FN:113,(anonymous_4)
FN:128,(anonymous_5)
FN:142,(anonymous_6)
FN:157,(anonymous_7)
FN:171,(anonymous_8)
FN:178,(anonymous_9)
FNF:10
FNH:0
FNDA:0,(anonymous_0)
FNDA:0,(anonymous_1)
FNDA:0,(anonymous_2)
FNDA:0,(anonymous_3)
FNDA:0,(anonymous_4)
FNDA:0,(anonymous_5)
FNDA:0,(anonymous_6)
FNDA:0,(anonymous_7)
FNDA:0,(anonymous_8)
FNDA:0,(anonymous_9)
DA:1,1
DA:53,0
DA:54,0
DA:55,0
DA:56,0
DA:57,0
DA:71,0
DA:85,0
DA:86,0
DA:100,0
DA:114,0
DA:115,0
DA:129,0
DA:143,0
DA:144,0
DA:158,0
DA:174,0
DA:175,0
DA:179,0
DA:180,0
DA:182,0
DA:186,1
LF:22
LH:2
BRDA:54,0,0,0
BRDA:54,0,1,0
BRDA:57,1,0,0
BRDA:57,1,1,0
BRDA:179,2,0,0
BRF:5
BRH:0
end_of_record
TN:
SF:src\models\pokerTable\index.ts
FN:61,(anonymous_0)
FN:81,(anonymous_1)
FN:105,(anonymous_2)
FN:119,(anonymous_3)
FN:130,(anonymous_4)
FN:140,(anonymous_5)
FN:154,(anonymous_6)
FN:159,(anonymous_7)
FNF:8
FNH:0
FNDA:0,(anonymous_0)
FNDA:0,(anonymous_1)
FNDA:0,(anonymous_2)
FNDA:0,(anonymous_3)
FNDA:0,(anonymous_4)
FNDA:0,(anonymous_5)
FNDA:0,(anonymous_6)
FNDA:0,(anonymous_7)
DA:1,1
DA:9,1
DA:62,0
DA:63,0
DA:64,0
DA:67,0
DA:68,0
DA:69,0
DA:70,0
DA:82,0
DA:83,0
DA:91,0
DA:106,0
DA:120,0
DA:121,0
DA:131,0
DA:141,0
DA:155,0
DA:156,0
DA:160,0
DA:161,0
DA:162,0
DA:163,0
DA:164,0
DA:165,0
DA:166,0
DA:167,0
DA:171,0
DA:175,1
LF:29
LH:3
BRDA:63,0,0,0
BRDA:63,0,1,0
BRDA:64,1,0,0
BRDA:64,1,1,0
BRDA:70,2,0,0
BRDA:70,2,1,0
BRDA:163,3,0,0
BRDA:164,4,0,0
BRF:8
BRH:0
end_of_record
